Copyright 1986-2019 Xilinx, Inc. All Rights Reserved.
--------------------------------------------------------------------------------------
| Tool Version : Vivado v.2019.2.1 (win64) Build 2729669 Thu Dec  5 04:49:17 MST 2019
| Date         : Thu Apr 20 02:17:39 2023
| Host         : LAPTOP-PSF38UTH running 64-bit major release  (build 9200)
| Command      : report_control_sets -verbose -file IO_top_control_sets_placed.rpt
| Design       : IO_top
| Device       : xc7a100t
--------------------------------------------------------------------------------------

Control Set Information

Table of Contents
-----------------
1. Summary
2. Histogram
3. Flip-Flop Distribution
4. Detailed Control Set Information

1. Summary
----------

+----------------------------------------------------------+-------+
|                          Status                          | Count |
+----------------------------------------------------------+-------+
| Total control sets                                       |     8 |
|    Minimum number of control sets                        |     8 |
|    Addition due to synthesis replication                 |     0 |
|    Addition due to physical synthesis replication        |     0 |
| Unused register locations in slices containing registers |    27 |
+----------------------------------------------------------+-------+
* Control sets can be merged at opt_design using control_set_merge or merge_equivalent_drivers
** Run report_qor_suggestions for automated merging and remapping suggestions


2. Histogram
------------

+--------------------+-------+
|       Fanout       | Count |
+--------------------+-------+
| Total control sets |     8 |
| >= 0 to < 4        |     1 |
| >= 4 to < 6        |     0 |
| >= 6 to < 8        |     1 |
| >= 8 to < 10       |     0 |
| >= 10 to < 12      |     0 |
| >= 12 to < 14      |     2 |
| >= 14 to < 16      |     0 |
| >= 16              |     4 |
+--------------------+-------+
* Control sets can be remapped at either synth_design or opt_design


3. Flip-Flop Distribution
-------------------------

+--------------+-----------------------+------------------------+-----------------+--------------+
| Clock Enable | Synchronous Set/Reset | Asynchronous Set/Reset | Total Registers | Total Slices |
+--------------+-----------------------+------------------------+-----------------+--------------+
| No           | No                    | No                     |               0 |            0 |
| No           | No                    | Yes                    |              20 |            5 |
| No           | Yes                   | No                     |               7 |            4 |
| Yes          | No                    | No                     |              12 |            3 |
| Yes          | No                    | Yes                    |               0 |            0 |
| Yes          | Yes                   | No                     |              30 |           11 |
+--------------+-----------------------+------------------------+-----------------+--------------+


4. Detailed Control Set Information
-----------------------------------

+----------------------+------------------------------------+---------------------+------------------+----------------+
|     Clock Signal     |            Enable Signal           |   Set/Reset Signal  | Slice Load Count | Bel Load Count |
+----------------------+------------------------------------+---------------------+------------------+----------------+
|  CLK100MHZ_IBUF_BUFG | BTNL_IBUF                          | mips/dp/pcreg/SR[0] |                1 |              1 |
| ~CLK100MHZ_IBUF_BUFG |                                    | BTNC_IBUF           |                4 |              7 |
|  CLK100MHZ_IBUF_BUFG | dmd/io/led[11]_i_1_n_0             |                     |                3 |             12 |
|  CLK100MHZ_IBUF_BUFG | mips/dp/pcreg/q_reg[4]_rep__0_4[0] | BTNC_IBUF           |                2 |             12 |
|  CLK100MHZ_IBUF_BUFG | BTNR_IBUF                          | BTNC_IBUF           |                8 |             17 |
|  CLK100MHZ_IBUF_BUFG |                                    | BTNC_IBUF           |                5 |             20 |
| ~CLK100MHZ_IBUF_BUFG | mips/dp/pcreg/mWrite               |                     |                8 |             32 |
| ~CLK100MHZ_IBUF_BUFG | mips/dp/pcreg/we3                  |                     |               12 |             96 |
+----------------------+------------------------------------+---------------------+------------------+----------------+


